<?xml version="1.0" encoding="UTF-8" ?>
<testsuite tests="22" failures="0" name="org.crownpeak.api.APITest" time="65.179" errors="0" skipped="0">
  <properties>
    <property name="java.runtime.name" value="Java(TM) SE Runtime Environment"/>
    <property name="java.vm.version" value="11.0.3+12-LTS"/>
    <property name="sun.boot.library.path" value="C:\Program Files\Java\jdk-11.0.3\bin"/>
    <property name="maven.multiModuleProjectDirectory" value="D:\Documents\GitHub\CP\Java API\Maven API\crownpeak-java-api"/>
    <property name="java.vm.vendor" value="Oracle Corporation"/>
    <property name="java.vendor.url" value="http://java.oracle.com/"/>
    <property name="guice.disable.misplaced.annotation.check" value="true"/>
    <property name="path.separator" value=";"/>
    <property name="java.vm.name" value="Java HotSpot(TM) 64-Bit Server VM"/>
    <property name="sun.os.patch.level" value=""/>
    <property name="user.script" value=""/>
    <property name="user.country" value="US"/>
    <property name="sun.java.launcher" value="SUN_STANDARD"/>
    <property name="java.vm.specification.name" value="Java Virtual Machine Specification"/>
    <property name="user.dir" value="D:\Documents\GitHub\CP\Java API\Maven API\crownpeak-java-api"/>
    <property name="java.vm.compressedOopsMode" value="Zero based"/>
    <property name="java.runtime.version" value="11.0.3+12-LTS"/>
    <property name="java.awt.graphicsenv" value="sun.awt.Win32GraphicsEnvironment"/>
    <property name="os.arch" value="amd64"/>
    <property name="java.io.tmpdir" value="C:\Users\dgree\AppData\Local\Temp\"/>
    <property name="line.separator" value="
"/>
    <property name="java.vm.specification.vendor" value="Oracle Corporation"/>
    <property name="user.variant" value=""/>
    <property name="os.name" value="Windows 10"/>
    <property name="classworlds.conf" value="D:\Downloads\Programming\java\apache-maven-3.6.1-bin\apache-maven-3.6.1\bin\..\bin\m2.conf"/>
    <property name="gpg.passphrase" value="CrownWorld#1993"/>
    <property name="sun.jnu.encoding" value="Cp1252"/>
    <property name="java.library.path" value="C:\Program Files\Java\jdk-11.0.3\bin;C:\WINDOWS\Sun\Java\bin;C:\WINDOWS\system32;C:\WINDOWS;C:\Program Files (x86)\Common Files\Oracle\Java\javapath;C:\Program Files\Oculus\Support\oculus-runtime;C:\Program Files\Microsoft MPI\Bin\;C:\WINDOWS\system32;C:\WINDOWS;C:\WINDOWS\System32\Wbem;C:\WINDOWS\System32\WindowsPowerShell\v1.0\;C:\Program Files (x86)\NVIDIA Corporation\PhysX\Common;C:\Program Files\Microsoft SQL Server\130\Tools\Binn\;C:\Program Files\dotnet\;C:\Program Files (x86)\GtkSharp\2.12\bin;C:\Program Files\nodejs\;C:\Program Files\PuTTY\;C:\WINDOWS\System32\OpenSSH\;C:\WINDOWS\system32;C:\WINDOWS;C:\WINDOWS\System32\Wbem;C:\WINDOWS\System32\WindowsPowerShell\v1.0\;C:\WINDOWS\System32\OpenSSH\;C:\Program Files\Git\cmd;C:\Program Files\NVIDIA Corporation\NVIDIA NvDLISR;C:\Program Files\Microsoft VS Code\bin;C:\Program Files\Java\jdk-11.0.3\bin;;C:\Program Files (x86)\Gpg4win\..\GnuPG\bin;C:\Ruby24-x64\bin;C:\Users\dgree\AppData\Local\Microsoft\WindowsApps;C:\Users\dgree\AppData\Roaming\npm;C:\Users\dgree\AppData\Local\GitHubDesktop\bin;C:\Program Files\Microsoft VS Code\bin;C:\Users\dgree\AppData\Local\Microsoft\WindowsApps;C:\Users\dgree\.dotnet\tools;C:\Users\dgree\AppData\Local\Programs\Fiddler;D:\Downloads\Programming\java\apache-maven-3.6.1-bin\apache-maven-3.6.1\bin;;."/>
    <property name="maven.conf" value="D:\Downloads\Programming\java\apache-maven-3.6.1-bin\apache-maven-3.6.1\bin\../conf"/>
    <property name="jdk.debug" value="release"/>
    <property name="java.class.version" value="55.0"/>
    <property name="java.specification.name" value="Java Platform API Specification"/>
    <property name="sun.management.compiler" value="HotSpot 64-Bit Tiered Compilers"/>
    <property name="os.version" value="10.0"/>
    <property name="library.jansi.path" value="D:\Downloads\Programming\java\apache-maven-3.6.1-bin\apache-maven-3.6.1\bin\..\lib\jansi-native"/>
    <property name="user.home" value="C:\Users\dgree"/>
    <property name="user.timezone" value="America/Los_Angeles"/>
    <property name="java.awt.printerjob" value="sun.awt.windows.WPrinterJob"/>
    <property name="file.encoding" value="Cp1252"/>
    <property name="java.specification.version" value="11"/>
    <property name="user.name" value="dgree"/>
    <property name="java.class.path" value="D:\Downloads\Programming\java\apache-maven-3.6.1-bin\apache-maven-3.6.1\bin\..\boot\plexus-classworlds-2.6.0.jar"/>
    <property name="java.vm.specification.version" value="11"/>
    <property name="sun.arch.data.model" value="64"/>
    <property name="sun.java.command" value="org.codehaus.plexus.classworlds.launcher.Launcher -s C:\Users\dgree\AppData\Local\Temp\release-settings1734327950875416767.xml clean verify --no-plugin-updates -Dgpg.passphrase=CrownWorld#1993"/>
    <property name="java.home" value="C:\Program Files\Java\jdk-11.0.3"/>
    <property name="user.language" value="en"/>
    <property name="java.specification.vendor" value="Oracle Corporation"/>
    <property name="awt.toolkit" value="sun.awt.windows.WToolkit"/>
    <property name="java.vm.info" value="mixed mode"/>
    <property name="java.version" value="11.0.3"/>
    <property name="java.vendor" value="Oracle Corporation"/>
    <property name="maven.home" value="D:\Downloads\Programming\java\apache-maven-3.6.1-bin\apache-maven-3.6.1\bin\.."/>
    <property name="file.separator" value="\"/>
    <property name="java.version.date" value="2019-04-16"/>
    <property name="java.vendor.url.bug" value="http://bugreport.java.com/bugreport/"/>
    <property name="sun.io.unicode.encoding" value="UnicodeLittle"/>
    <property name="sun.cpu.endian" value="little"/>
    <property name="java.vendor.version" value="18.9"/>
    <property name="sun.desktop" value="windows"/>
    <property name="sun.cpu.isalist" value="amd64"/>
  </properties>
  <testcase classname="org.crownpeak.api.APITest" name="testRenameTest" time="4.243"/>
  <testcase classname="org.crownpeak.api.APITest" name="testAPIReportTest" time="0.836"/>
  <testcase classname="org.crownpeak.api.APITest" name="testPublishRefreshTest" time="1.598"/>
  <testcase classname="org.crownpeak.api.APITest" name="testPublishTest" time="3.092"/>
  <testcase classname="org.crownpeak.api.APITest" name="testUpdateTest" time="2.248"/>
  <testcase classname="org.crownpeak.api.APITest" name="testUploadTest" time="1.904"/>
  <testcase classname="org.crownpeak.api.APITest" name="testExistsTest" time="1.079"/>
  <testcase classname="org.crownpeak.api.APITest" name="testReadTest" time="3.387"/>
  <testcase classname="org.crownpeak.api.APITest" name="testLogTest" time="4.505"/>
  <testcase classname="org.crownpeak.api.APITest" name="testWorkflowsReadTest" time="4.006"/>
  <testcase classname="org.crownpeak.api.APITest" name="testAuthenticateTest" time="0.474"/>
  <testcase classname="org.crownpeak.api.APITest" name="testMoveTest" time="2.496"/>
  <testcase classname="org.crownpeak.api.APITest" name="testUndeleteTest" time="3.271"/>
  <testcase classname="org.crownpeak.api.APITest" name="testBranchTest" time="1.96"/>
  <testcase classname="org.crownpeak.api.APITest" name="testCreateTest" time="3.928"/>
  <testcase classname="org.crownpeak.api.APITest" name="testRouteTest" time="2.051"/>
  <testcase classname="org.crownpeak.api.APITest" name="testDeleteTest" time="3.555"/>
  <testcase classname="org.crownpeak.api.APITest" name="testPagedTest" time="7.389"/>
  <testcase classname="org.crownpeak.api.APITest" name="testExecuteWorkflowCommandTest" time="2.477"/>
  <testcase classname="org.crownpeak.api.APITest" name="testAttachTest" time="6.123"/>
  <testcase classname="org.crownpeak.api.APITest" name="testWorkflowReadTest" time="1.102"/>
  <testcase classname="org.crownpeak.api.APITest" name="testFieldTest" time="3.455"/>
</testsuite>